<?xml version="1.0" encoding="UTF-8"?>
<!-- Generated by org.testng.reporters.JUnitReportReporter -->
<testsuite hostname="Ankit-PC" failures="0" tests="1" name="com.mystore.qa.testcases.HomePageTest" time="24.565" errors="0" timestamp="25 Aug 2019 11:21:47 GMT" skipped="0">
  <testcase classname="com.mystore.qa.testcases.HomePageTest" name="validateHomePageTitleTest" time="24.565"/>
</testsuite> <!-- com.mystore.qa.testcases.HomePageTest -->
