<?xml version="1.0" encoding="UTF-8"?>
<!-- Generated by org.testng.reporters.JUnitReportReporter -->
<testsuite hostname="Ankit-PC" failures="0" tests="3" name="com.mystore.qa.testcases.LoginPageTest" time="58.622" errors="0" timestamp="25 Aug 2019 11:21:47 GMT" skipped="1">
  <testcase classname="com.mystore.qa.testcases.LoginPageTest" name="loginPageTitleTest" time="26.979"/>
  <testcase classname="com.mystore.qa.testcases.LoginPageTest" name="loginTest" time="31.643"/>
  <testcase classname="com.mystore.qa.testcases.LoginPageTest" name="myStoreLogoTest">
    <skipped/>
  </testcase> <!-- myStoreLogoTest -->
</testsuite> <!-- com.mystore.qa.testcases.LoginPageTest -->
